[# 14:43 30-06-2024] === Сервер запущен на сокете 127.0.0.1:8081
[# 14:44 30-06-2024] === Новое подключение:  127.0.0.1
[# 14:44 30-06-2024] === REQUEST_NAME_USER # Здравствуйте, для регистрации, введите свое Имя и Фамилию через пробел
[# 14:44 30-06-2024] === Новое подключение:  127.0.0.1
[# 14:44 30-06-2024] === REQUEST_NAME_USER # Здравствуйте, для регистрации, введите свое Имя и Фамилию через пробел
[# 14:44 30-06-2024] === CONNECTED # Petya Petya присоединился к чату!
[# 14:44 30-06-2024] === CONNECTED # Maxim Maxim присоединился к чату!
[# 14:44 30-06-2024] === Новое подключение:  127.0.0.1
[# 14:44 30-06-2024] === REQUEST_NAME_USER # Здравствуйте, для регистрации, введите свое Имя и Фамилию через пробел
[# 14:44 30-06-2024] === CONNECTED # Ivan Ivan присоединился к чату!
[# 14:44 30-06-2024] === NEW_MESSAGE # Maxim Maxim: Hello
[# 14:44 30-06-2024] === NEW_MESSAGE # Ivan Ivan: hi
[# 14:45 30-06-2024] === NEW_MESSAGE # Petya Petya: Guten tag
[# 14:45 30-06-2024] === DISCONNECTED # Petya Petya покинул чат!
[# 14:45 30-06-2024] === Сокет закрыт!
[# 14:46 30-06-2024] === DISCONNECTED # Maxim Maxim покинул чат!
[# 14:46 30-06-2024] === Сокет закрыт!
[# 14:48 30-06-2024] === Новое подключение:  127.0.0.1
[# 14:48 30-06-2024] === REQUEST_NAME_USER # Здравствуйте, для регистрации, введите свое Имя и Фамилию через пробел
[# 14:48 30-06-2024] === CONNECTED # /exit присоединился к чату!
[# 14:48 30-06-2024] === DISCONNECTED # /exit покинул чат!
[# 14:48 30-06-2024] === Сокет закрыт!
[# 14:49 30-06-2024] === Сервер запущен на сокете 127.0.0.1:8081
[# 14:49 30-06-2024] === Новое подключение:  127.0.0.1
[# 14:49 30-06-2024] === REQUEST_NAME_USER # Здравствуйте, для регистрации, введите свое Имя и Фамилию через пробел
[# 14:49 30-06-2024] === CONNECTED # maxim maxim присоединился к чату!
[# 14:50 30-06-2024] === DISCONNECTED # maxim maxim покинул чат!
[# 14:50 30-06-2024] === Сокет закрыт!
[# 15:10 30-06-2024] === NEW_MESSAGE # user1: Hello
[# 15:12 30-06-2024] === NEW_MESSAGE # user1: Hello
[# 15:14 30-06-2024] === NEW_MESSAGE # user1: Hello
[# 15:17 30-06-2024] === NEW_MESSAGE # user1: Hello
[# 15:30 30-06-2024] === NEW_MESSAGE # User1: Hello
[# 15:30 30-06-2024] === NAME_USED # Имя пользователя не может оставаться пустым!!
[# 15:33 30-06-2024] === NEW_MESSAGE # User1: Hello
[# 15:34 30-06-2024] === NAME_USED # Имя пользователя не может оставаться пустым!!
[# 15:38 30-06-2024] === Сервер запущен на сокете localhost
[# 15:43 30-06-2024] === NEW_MESSAGE # User1: Hello
[# 15:43 30-06-2024] === NEW_MESSAGE # User1: Hello
[# 15:46 30-06-2024] === NEW_MESSAGE # User1: Hello
[# 15:49 30-06-2024] === NAME_USED # Имя пользователя не может оставаться пустым!!
[# 15:50 30-06-2024] === NEW_MESSAGE # User1: Hello
