[# 19:27 19-06-2024] === Клиент подключен к серверу!
[# 19:27 19-06-2024] === REQUEST_NAME_USER # Здравствуйте, для регистрации, введите свое Имя и Фамилию через пробел
[# 19:27 19-06-2024] === RESPONSE_NAME_USER # Кизилов Максим

[# 19:27 19-06-2024] === RESPONSE_NAME_USER # Кизилов Максим
[# 19:27 19-06-2024] === CONNECTED # Кизилов Максим присоединился к чату!
[# 19:27 19-06-2024] === Кизилов Максим присоединился к чату!
[# 19:27 19-06-2024] === USER_ACCEPTED # Уже подключены: [Кизилов Максим]
[# 19:27 19-06-2024] === Уже подключены: Кизилов Максим
[# 19:27 19-06-2024] === NEW_MESSAGE # Всем привет
[# 19:27 19-06-2024] === NEW_MESSAGE # Всем привет
[# 19:27 19-06-2024] === NEW_MESSAGE # Кизилов Максим:  Всем привет
[# 19:39 19-06-2024] === Клиент подключен к серверу!
[# 19:39 19-06-2024] === REQUEST_NAME_USER # Здравствуйте, для регистрации, введите свое Имя и Фамилию через пробел
[# 19:39 19-06-2024] === RESPONSE_NAME_USER # Кизилов Максим

[# 19:39 19-06-2024] === RESPONSE_NAME_USER # Кизилов Максим
[# 19:39 19-06-2024] === NAME_USED # Имя занято, придумайте другое!
[# 19:39 19-06-2024] === RESPONSE_NAME_USER # 

[# 19:39 19-06-2024] === RESPONSE_NAME_USER #
[# 19:39 19-06-2024] === REQUEST_NAME_USER # Здравствуйте, для регистрации, введите свое Имя и Фамилию через пробел
[# 19:39 19-06-2024] === RESPONSE_NAME_USER # Максим Кизилов

[# 19:42 19-06-2024] === Клиент подключен к серверу!
[# 19:42 19-06-2024] === REQUEST_NAME_USER # Здравствуйте, для регистрации, введите свое Имя и Фамилию через пробел
[# 19:42 19-06-2024] === RESPONSE_NAME_USER # Кизилов Максим

[# 19:42 19-06-2024] === RESPONSE_NAME_USER # Кизилов Максим
[# 19:42 19-06-2024] === NAME_USED # Имя занято, придумайте другое!
[# 19:42 19-06-2024] === RESPONSE_NAME_USER # Максим Кизилов

[# 19:42 19-06-2024] === REQUEST_NAME_USER # Здравствуйте, для регистрации, введите свое Имя и Фамилию через пробел
[# 19:42 19-06-2024] === RESPONSE_NAME_USER # Максим Кизилов
[# 19:42 19-06-2024] === RESPONSE_NAME_USER # Максим Кизилов

[# 19:42 19-06-2024] === CONNECTED # Максим Кизилов присоединился к чату!
[# 19:42 19-06-2024] === RESPONSE_NAME_USER # Максим Кизилов
[# 19:42 19-06-2024] === USER_ACCEPTED # Уже подключены: [Максим Кизилов, Кизилов Максим]
[# 19:43 19-06-2024] === Клиент подключен к серверу!
[# 19:43 19-06-2024] === REQUEST_NAME_USER # Здравствуйте, для регистрации, введите свое Имя и Фамилию через пробел
[# 19:43 19-06-2024] === RESPONSE_NAME_USER # Кизилов Максим

[# 19:43 19-06-2024] === RESPONSE_NAME_USER # Кизилов Максим
[# 19:43 19-06-2024] === NAME_USED # Имя занято, придумайте другое!
[# 19:43 19-06-2024] === RESPONSE_NAME_USER # 

[# 19:43 19-06-2024] === REQUEST_NAME_USER # Здравствуйте, для регистрации, введите свое Имя и Фамилию через пробел
[# 19:43 19-06-2024] === RESPONSE_NAME_USER # м а

[# 19:43 19-06-2024] === RESPONSE_NAME_USER # м а
[# 19:43 19-06-2024] === CONNECTED # м а присоединился к чату!
[# 19:43 19-06-2024] === USER_ACCEPTED # Уже подключены: [м а, Максим Кизилов, Кизилов Максим]
[# 19:45 19-06-2024] === Клиент подключен к серверу!
[# 19:45 19-06-2024] === REQUEST_NAME_USER # Здравствуйте, для регистрации, введите свое Имя и Фамилию через пробел
[# 19:45 19-06-2024] === RESPONSE_NAME_USER # Кизилов Максим

[# 19:45 19-06-2024] === RESPONSE_NAME_USER # Кизилов Максим
[# 19:45 19-06-2024] === NAME_USED # Имя занято, придумайте другое!
[# 19:45 19-06-2024] === REQUEST_NAME_USER # Здравствуйте, для регистрации, введите свое Имя и Фамилию через пробел
[# 19:59 19-06-2024] === Клиент подключен к серверу!
[# 19:59 19-06-2024] === REQUEST_NAME_USER # Здравствуйте, для регистрации, введите свое Имя и Фамилию через пробел
[# 19:59 19-06-2024] === RESPONSE_NAME_USER # Кизилов Максим

[# 19:59 19-06-2024] === RESPONSE_NAME_USER # Кизилов Максим
[# 19:59 19-06-2024] === NAME_USED # Имя занято, придумайте другое!
[# 20:00 19-06-2024] === REQUEST_NAME_USER # Здравствуйте, для регистрации, введите свое Имя и Фамилию через пробел
[# 20:00 19-06-2024] === Клиент подключен к серверу!
[# 20:00 19-06-2024] === REQUEST_NAME_USER # Здравствуйте, для регистрации, введите свое Имя и Фамилию через пробел
[# 20:00 19-06-2024] === RESPONSE_NAME_USER # Максим Кизилов

[# 20:00 19-06-2024] === CONNECTED # Максим Кизилов присоединился к чату!
[# 20:00 19-06-2024] === USER_ACCEPTED # Уже подключены: [Максим Кизилов]
[# 20:00 19-06-2024] === Клиент подключен к серверу!
[# 20:00 19-06-2024] === REQUEST_NAME_USER # Здравствуйте, для регистрации, введите свое Имя и Фамилию через пробел
[# 20:00 19-06-2024] === RESPONSE_NAME_USER # Максим Кизилов

[# 20:00 19-06-2024] === NAME_USED # Такой пользователь уже авторизован!
[# 20:28 19-06-2024] === Клиент подключен к серверу!
[# 20:28 19-06-2024] === REQUEST_NAME_USER # Здравствуйте, для регистрации, введите свое Имя и Фамилию через пробел
[# 20:29 19-06-2024] === Клиент подключен к серверу!
[# 20:29 19-06-2024] === REQUEST_NAME_USER # Здравствуйте, для регистрации, введите свое Имя и Фамилию через пробел
[# 20:30 19-06-2024] === Клиент подключен к серверу!
[# 20:31 19-06-2024] === REQUEST_NAME_USER # Здравствуйте, для регистрации, введите свое Имя и Фамилию через пробел
[# 20:31 19-06-2024] === Клиент подключен к серверу!
[# 20:31 19-06-2024] === REQUEST_NAME_USER # Здравствуйте, для регистрации, введите свое Имя и Фамилию через пробел
[# 20:33 19-06-2024] === RESPONSE_NAME_USER # Kizilov Maxim

[# 20:33 19-06-2024] === NAME_USED # Такой пользователь уже авторизован!
[# 20:36 19-06-2024] === Клиент подключен к серверу!
[# 20:36 19-06-2024] === REQUEST_NAME_USER # Здравствуйте, для регистрации, введите свое Имя и Фамилию через пробел
[# 20:36 19-06-2024] === RESPONSE_NAME_USER # Kizilov Maxim

[# 20:36 19-06-2024] === NAME_USED # Такой пользователь уже авторизован!
[# 20:37 19-06-2024] === Клиент подключен к серверу!
[# 20:37 19-06-2024] === REQUEST_NAME_USER # Здравствуйте, для регистрации, введите свое Имя и Фамилию через пробел
[# 20:37 19-06-2024] === RESPONSE_NAME_USER # Kizilov Maxim

[# 20:37 19-06-2024] === NAME_USED # Такой пользователь уже авторизован!
[# 20:37 19-06-2024] === REQUEST_NAME_USER # Здравствуйте, для регистрации, введите свое Имя и Фамилию через пробел
[# 20:37 19-06-2024] === RESPONSE_NAME_USER # Kizilov Maxim

[# 20:37 19-06-2024] === NAME_USED # Такой пользователь уже авторизован!
[# 20:37 19-06-2024] === REQUEST_NAME_USER # Здравствуйте, для регистрации, введите свое Имя и Фамилию через пробел
[# 21:18 19-06-2024] === Клиент подключен к серверу!
[# 21:18 19-06-2024] === REQUEST_NAME_USER # Здравствуйте, для регистрации, введите свое Имя и Фамилию через пробел
[# 21:18 19-06-2024] === RESPONSE_NAME_USER # Kizilov Maxim

[# 21:18 19-06-2024] === NAME_USED # Такой пользователь уже авторизован!REQUEST_NAME_USER # Здравствуйте, для регистрации, введите свое Имя и Фамилию через пробел
[# 21:19 19-06-2024] === Клиент подключен к серверу!
[# 21:19 19-06-2024] === REQUEST_NAME_USER # Здравствуйте, для регистрации, введите свое Имя и Фамилию через пробел
[# 21:19 19-06-2024] === RESPONSE_NAME_USER # Kizilov Maxim

[# 21:19 19-06-2024] === NAME_USED # Такой пользователь уже авторизован!REQUEST_NAME_USER # Здравствуйте, для регистрации, введите свое Имя и Фамилию через пробел
[# 21:20 19-06-2024] === Клиент подключен к серверу!
[# 21:20 19-06-2024] === REQUEST_NAME_USER # Здравствуйте, для регистрации, введите свое Имя и Фамилию через пробел
[# 21:26 19-06-2024] === Клиент подключен к серверу!
[# 21:26 19-06-2024] === REQUEST_NAME_USER # Здравствуйте, для регистрации, введите свое Имя и Фамилию через пробел
[# 21:26 19-06-2024] === RESPONSE_NAME_USER # kizlov maxim

[# 21:26 19-06-2024] === CONNECTED # kizlov maxim присоединился к чату!
[# 21:26 19-06-2024] === USER_ACCEPTED # Уже подключены: [kizlov maxim]
[# 21:26 19-06-2024] === NEW_MESSAGE # 
[# 21:26 19-06-2024] === NEW_MESSAGE # kizlov maxim:
[# 21:26 19-06-2024] === Клиент подключен к серверу!
[# 21:26 19-06-2024] === REQUEST_NAME_USER # Здравствуйте, для регистрации, введите свое Имя и Фамилию через пробел
[# 21:27 19-06-2024] === RESPONSE_NAME_USER # Maxim Kizilov

[# 21:27 19-06-2024] === CONNECTED # Maxim Kizilov присоединился к чату!
[# 21:27 19-06-2024] === USER_ACCEPTED # Уже подключены: [Maxim Kizilov, kizlov maxim]
[# 21:27 19-06-2024] === NEW_MESSAGE # hu
[# 21:27 19-06-2024] === NEW_MESSAGE # Maxim Kizilov:  hu
[# 21:28 19-06-2024] === Клиент подключен к серверу!
[# 21:28 19-06-2024] === REQUEST_NAME_USER # Здравствуйте, для регистрации, введите свое Имя и Фамилию через пробел
[# 21:28 19-06-2024] === RESPONSE_NAME_USER # kizilov maxim

[# 21:28 19-06-2024] === CONNECTED # kizilov maxim присоединился к чату!
[# 21:28 19-06-2024] === USER_ACCEPTED # Уже подключены: [kizilov maxim]
[# 21:28 19-06-2024] === Клиент подключен к серверу!
[# 21:28 19-06-2024] === REQUEST_NAME_USER # Здравствуйте, для регистрации, введите свое Имя и Фамилию через пробел
[# 21:28 19-06-2024] === RESPONSE_NAME_USER # kizilov maxim

[# 21:28 19-06-2024] === NAME_USED # Такой пользователь уже авторизован! Нажмите ENTER
[# 21:28 19-06-2024] === REQUEST_NAME_USER # Здравствуйте, для регистрации, введите свое Имя и Фамилию через пробел
